Using pre-set license
Built from '2020.3/staging' branch; Version is '2020.3.11f1 (99c7afb366b3) revision 10078127'; Using compiler version '192528614'; Build Type 'Release'
OS: 'Windows 10 Home; OS build 19042.1288; Version 2009; 64bit' Language: 'en' Physical Memory: 32682 MB
BatchMode: 1, IsHumanControllingUs: 0, StartBugReporterOnCrash: 0, Is64bit: 1, IsPro: 0

 COMMAND LINE ARGUMENTS:
C:\Program Files\Unity\Hub\Editor\2020.3.11f1\Editor\Unity.exe
-adb2
-batchMode
-noUpm
-name
AssetImportWorker0
-projectPath
C:/Users/Winston/Desktop/Unity Games/Rattle-Bones/Rattle Bones
-logFile
Logs/AssetImportWorker0.log
-srvPort
56162
Successfully changed project path to: C:/Users/Winston/Desktop/Unity Games/Rattle-Bones/Rattle Bones
C:/Users/Winston/Desktop/Unity Games/Rattle-Bones/Rattle Bones
Using Asset Import Pipeline V2.
Refreshing native plugins compatible for Editor in 25.12 ms, found 2 plugins.
Preloading 0 native plugins for Editor in 0.00 ms.
Initialize engine version: 2020.3.11f1 (99c7afb366b3)
[Subsystems] Discovering subsystems at path C:/Program Files/Unity/Hub/Editor/2020.3.11f1/Editor/Data/Resources/UnitySubsystems
[Subsystems] Discovering subsystems at path C:/Users/Winston/Desktop/Unity Games/Rattle-Bones/Rattle Bones/Assets
GfxDevice: creating device client; threaded=0
Direct3D:
    Version:  Direct3D 11.0 [level 11.1]
    Renderer: Radeon RX 580 Series (ID=0x67df)
    Vendor:   
    VRAM:     8171 MB
    Driver:   30.0.13025.5005
Initialize mono
Mono path[0] = 'C:/Program Files/Unity/Hub/Editor/2020.3.11f1/Editor/Data/Managed'
Mono path[1] = 'C:/Program Files/Unity/Hub/Editor/2020.3.11f1/Editor/Data/MonoBleedingEdge/lib/mono/unityjit'
Mono config path = 'C:/Program Files/Unity/Hub/Editor/2020.3.11f1/Editor/Data/MonoBleedingEdge/etc'
Using monoOptions --debugger-agent=transport=dt_socket,embedding=1,server=y,suspend=n,address=127.0.0.1:56848
Begin MonoManager ReloadAssembly
Registering precompiled unity dll's ...
Register platform support module: C:/Program Files/Unity/Hub/Editor/2020.3.11f1/Editor/Data/PlaybackEngines/WebGLSupport/UnityEditor.WebGL.Extensions.dll
Register platform support module: C:/Program Files/Unity/Hub/Editor/2020.3.11f1/Editor/Data/PlaybackEngines/WindowsStandaloneSupport/UnityEditor.WindowsStandalone.Extensions.dll
Registered in 0.002295 seconds.
Native extension for WindowsStandalone target not found
Native extension for WebGL target not found
Refreshing native plugins compatible for Editor in 24.58 ms, found 2 plugins.
Preloading 0 native plugins for Editor in 0.00 ms.
Mono: successfully reloaded assembly
- Completed reload, in  1.021 seconds
Platform modules already initialized, skipping
Registering precompiled user dll's ...
Registered in 0.003681 seconds.
Begin MonoManager ReloadAssembly
Native extension for WindowsStandalone target not found
Native extension for WebGL target not found
Refreshing native plugins compatible for Editor in 0.34 ms, found 2 plugins.
Preloading 0 native plugins for Editor in 0.00 ms.
Mono: successfully reloaded assembly
- Completed reload, in  0.796 seconds
Platform modules already initialized, skipping
========================================================================
Worker process is ready to serve import requests
Launched and connected shader compiler UnityShaderCompiler.exe after 0.04 seconds
Refreshing native plugins compatible for Editor in 0.34 ms, found 2 plugins.
Preloading 0 native plugins for Editor in 0.00 ms.
Unloading 1388 Unused Serialized files (Serialized files now loaded: 0)
System memory in use before: 64.8 MB.
System memory in use after: 64.8 MB.

Unloading 19 unused Assets to reduce memory usage. Loaded Objects now: 1821.
Total: 2.613700 ms (FindLiveObjects: 0.193000 ms CreateObjectMapping: 0.031900 ms MarkObjects: 2.265800 ms  DeleteObjects: 0.120800 ms)

========================================================================
Received Import Request.
  path: Assets/Materials/Skull.mat
  artifactKey: Guid(225232452c7367d4d92cc1e67c394491) Importer(815301076,1909f56bfc062723c751e8b465ee728b)
Start importing Assets/Materials/Skull.mat using Guid(225232452c7367d4d92cc1e67c394491) Importer(815301076,1909f56bfc062723c751e8b465ee728b)  -> (artifact id: '9412ee11e6a840d3f455348521ed34d0') in 0.087432 seconds
  Import took 0.090034 seconds .

========================================================================
Received Import Request.
  Time since last request: 1.939380 seconds.
  path: Assets/Materials/Grey.mat
  artifactKey: Guid(a58fd450686160e4db54bf8ea10ac93e) Importer(815301076,1909f56bfc062723c751e8b465ee728b)
Start importing Assets/Materials/Grey.mat using Guid(a58fd450686160e4db54bf8ea10ac93e) Importer(815301076,1909f56bfc062723c751e8b465ee728b)  -> (artifact id: '6509a625f8cdfcd19f037591913645ad') in 0.035645 seconds
  Import took 0.038019 seconds .

========================================================================
Received Prepare
Registering precompiled user dll's ...
Registered in 0.003601 seconds.
Begin MonoManager ReloadAssembly
Native extension for WindowsStandalone target not found
Native extension for WebGL target not found
Refreshing native plugins compatible for Editor in 0.35 ms, found 2 plugins.
Preloading 0 native plugins for Editor in 0.00 ms.
Mono: successfully reloaded assembly
- Completed reload, in  0.783 seconds
Platform modules already initialized, skipping
Refreshing native plugins compatible for Editor in 0.31 ms, found 2 plugins.
Preloading 0 native plugins for Editor in 0.00 ms.
Unloading 1383 Unused Serialized files (Serialized files now loaded: 0)
System memory in use before: 68.0 MB.
System memory in use after: 68.1 MB.

Unloading 14 unused Assets to reduce memory usage. Loaded Objects now: 1864.
Total: 2.044900 ms (FindLiveObjects: 0.166400 ms CreateObjectMapping: 0.030400 ms MarkObjects: 1.788200 ms  DeleteObjects: 0.058600 ms)

========================================================================
Received Import Request.
  Time since last request: 37.450174 seconds.
  path: Assets/Scripts/Test_Beat_Move.cs
  artifactKey: Guid(ee927dfbe0546a74aab9905ba7000036) Importer(815301076,1909f56bfc062723c751e8b465ee728b)
Start importing Assets/Scripts/Test_Beat_Move.cs using Guid(ee927dfbe0546a74aab9905ba7000036) Importer(815301076,1909f56bfc062723c751e8b465ee728b)  -> (artifact id: '8c733dda964f23b8fb1099ba2cee49d0') in 0.007829 seconds
  Import took 0.009963 seconds .

========================================================================
Received Import Request.
  Time since last request: 8.292626 seconds.
  path: Assets/Prefabs/Skull.prefab
  artifactKey: Guid(24e87d18a72cefb4dbeaf49b71f0fcc9) Importer(815301076,1909f56bfc062723c751e8b465ee728b)
Start importing Assets/Prefabs/Skull.prefab using Guid(24e87d18a72cefb4dbeaf49b71f0fcc9) Importer(815301076,1909f56bfc062723c751e8b465ee728b)  -> (artifact id: 'fa96f693099d89b5b8cec47c1c7bc3e0') in 0.045471 seconds
  Import took 0.047985 seconds .

========================================================================
Received Import Request.
  Time since last request: 0.000184 seconds.
  path: Assets/Prefabs/Test_Beat.prefab
  artifactKey: Guid(dad4067a625895c499f8effd5ea05eda) Importer(815301076,1909f56bfc062723c751e8b465ee728b)
Start importing Assets/Prefabs/Test_Beat.prefab using Guid(dad4067a625895c499f8effd5ea05eda) Importer(815301076,1909f56bfc062723c751e8b465ee728b)  -> (artifact id: 'c8b3a7d3c8d4e2247046b4087c190715') in 0.010380 seconds
  Import took 0.012374 seconds .

========================================================================
Received Import Request.
  Time since last request: 10.844646 seconds.
  path: Assets/Prefabs/Skull.prefab
  artifactKey: Guid(24e87d18a72cefb4dbeaf49b71f0fcc9) Importer(815301076,1909f56bfc062723c751e8b465ee728b)
Start importing Assets/Prefabs/Skull.prefab using Guid(24e87d18a72cefb4dbeaf49b71f0fcc9) Importer(815301076,1909f56bfc062723c751e8b465ee728b)  -> (artifact id: 'c6ce10f7bcff39a12eb0e735ff764ace') in 0.010570 seconds
  Import took 0.013033 seconds .

========================================================================
Received Prepare
Registering precompiled user dll's ...
Registered in 0.003686 seconds.
Begin MonoManager ReloadAssembly
Native extension for WindowsStandalone target not found
Native extension for WebGL target not found
Refreshing native plugins compatible for Editor in 0.39 ms, found 2 plugins.
Preloading 0 native plugins for Editor in 0.00 ms.
Mono: successfully reloaded assembly
- Completed reload, in  0.850 seconds
Platform modules already initialized, skipping
Refreshing native plugins compatible for Editor in 0.38 ms, found 2 plugins.
Preloading 0 native plugins for Editor in 0.00 ms.
Unloading 1383 Unused Serialized files (Serialized files now loaded: 0)
System memory in use before: 68.1 MB.
System memory in use after: 68.2 MB.

Unloading 15 unused Assets to reduce memory usage. Loaded Objects now: 1869.
Total: 2.576900 ms (FindLiveObjects: 0.237800 ms CreateObjectMapping: 0.032400 ms MarkObjects: 2.222000 ms  DeleteObjects: 0.083200 ms)

========================================================================
Received Prepare
Registering precompiled user dll's ...
Registered in 0.004216 seconds.
Begin MonoManager ReloadAssembly
Native extension for WindowsStandalone target not found
Native extension for WebGL target not found
Refreshing native plugins compatible for Editor in 0.39 ms, found 2 plugins.
Preloading 0 native plugins for Editor in 0.00 ms.
Mono: successfully reloaded assembly
- Completed reload, in  0.879 seconds
Platform modules already initialized, skipping
Refreshing native plugins compatible for Editor in 0.43 ms, found 2 plugins.
Preloading 0 native plugins for Editor in 0.00 ms.
Unloading 1383 Unused Serialized files (Serialized files now loaded: 0)
System memory in use before: 68.1 MB.
System memory in use after: 68.2 MB.

Unloading 14 unused Assets to reduce memory usage. Loaded Objects now: 1872.
Total: 2.199500 ms (FindLiveObjects: 0.230000 ms CreateObjectMapping: 0.033800 ms MarkObjects: 1.863600 ms  DeleteObjects: 0.070800 ms)

========================================================================
Received Prepare
Registering precompiled user dll's ...
Registered in 0.004472 seconds.
Begin MonoManager ReloadAssembly
Native extension for WindowsStandalone target not found
Native extension for WebGL target not found
Refreshing native plugins compatible for Editor in 0.36 ms, found 2 plugins.
Preloading 0 native plugins for Editor in 0.00 ms.
Mono: successfully reloaded assembly
- Completed reload, in  0.855 seconds
Platform modules already initialized, skipping
Refreshing native plugins compatible for Editor in 0.37 ms, found 2 plugins.
Preloading 0 native plugins for Editor in 0.00 ms.
Unloading 1383 Unused Serialized files (Serialized files now loaded: 0)
System memory in use before: 68.1 MB.
System memory in use after: 68.2 MB.

Unloading 14 unused Assets to reduce memory usage. Loaded Objects now: 1875.
Total: 2.273100 ms (FindLiveObjects: 0.200900 ms CreateObjectMapping: 0.032400 ms MarkObjects: 1.977100 ms  DeleteObjects: 0.061200 ms)

========================================================================
Received Prepare
Registering precompiled user dll's ...
Registered in 0.003987 seconds.
Begin MonoManager ReloadAssembly
Native extension for WindowsStandalone target not found
Native extension for WebGL target not found
Refreshing native plugins compatible for Editor in 0.35 ms, found 2 plugins.
Preloading 0 native plugins for Editor in 0.00 ms.
Mono: successfully reloaded assembly
- Completed reload, in  0.757 seconds
Platform modules already initialized, skipping
Refreshing native plugins compatible for Editor in 0.39 ms, found 2 plugins.
Preloading 0 native plugins for Editor in 0.00 ms.
Unloading 1383 Unused Serialized files (Serialized files now loaded: 0)
System memory in use before: 68.1 MB.
System memory in use after: 68.2 MB.

Unloading 14 unused Assets to reduce memory usage. Loaded Objects now: 1878.
Total: 2.091200 ms (FindLiveObjects: 0.206500 ms CreateObjectMapping: 0.032700 ms MarkObjects: 1.776300 ms  DeleteObjects: 0.074600 ms)

========================================================================
Received Import Request.
  Time since last request: 620.721630 seconds.
  path: Assets/Scripts/Test_Beat_Move.cs
  artifactKey: Guid(ee927dfbe0546a74aab9905ba7000036) Importer(815301076,1909f56bfc062723c751e8b465ee728b)
Start importing Assets/Scripts/Test_Beat_Move.cs using Guid(ee927dfbe0546a74aab9905ba7000036) Importer(815301076,1909f56bfc062723c751e8b465ee728b)  -> (artifact id: 'a7bf0a36e3e36ec69b4e325ef20b169c') in 0.029300 seconds
  Import took 0.031760 seconds .

========================================================================
Received Import Request.
  Time since last request: 1.191259 seconds.
  path: Assets/Scripts/Test_Beat_Move.cs
  artifactKey: Guid(ee927dfbe0546a74aab9905ba7000036) Importer(815301076,1909f56bfc062723c751e8b465ee728b)
Start importing Assets/Scripts/Test_Beat_Move.cs using Guid(ee927dfbe0546a74aab9905ba7000036) Importer(815301076,1909f56bfc062723c751e8b465ee728b)  -> (artifact id: 'a7bf0a36e3e36ec69b4e325ef20b169c') in 0.003832 seconds
  Import took 0.006094 seconds .

========================================================================
Received Prepare
Registering precompiled user dll's ...
Registered in 0.004834 seconds.
Begin MonoManager ReloadAssembly
Native extension for WindowsStandalone target not found
Native extension for WebGL target not found
Refreshing native plugins compatible for Editor in 0.38 ms, found 2 plugins.
Preloading 0 native plugins for Editor in 0.00 ms.
Mono: successfully reloaded assembly
- Completed reload, in  0.883 seconds
Platform modules already initialized, skipping
Refreshing native plugins compatible for Editor in 0.40 ms, found 2 plugins.
Preloading 0 native plugins for Editor in 0.00 ms.
Unloading 1383 Unused Serialized files (Serialized files now loaded: 0)
System memory in use before: 68.1 MB.
System memory in use after: 68.2 MB.

Unloading 14 unused Assets to reduce memory usage. Loaded Objects now: 1881.
Total: 2.050700 ms (FindLiveObjects: 0.200500 ms CreateObjectMapping: 0.032900 ms MarkObjects: 1.743400 ms  DeleteObjects: 0.072700 ms)

========================================================================
Received Import Request.
  Time since last request: 334.620524 seconds.
  path: Assets/Prefabs/Skull.prefab
  artifactKey: Guid(24e87d18a72cefb4dbeaf49b71f0fcc9) Importer(815301076,1909f56bfc062723c751e8b465ee728b)
Start importing Assets/Prefabs/Skull.prefab using Guid(24e87d18a72cefb4dbeaf49b71f0fcc9) Importer(815301076,1909f56bfc062723c751e8b465ee728b)  -> (artifact id: '960528ccb19daa5198f31170d71ce835') in 0.059915 seconds
  Import took 0.062458 seconds .

========================================================================
Received Prepare
Registering precompiled user dll's ...
Registered in 0.003460 seconds.
Begin MonoManager ReloadAssembly
Native extension for WindowsStandalone target not found
Native extension for WebGL target not found
Refreshing native plugins compatible for Editor in 0.36 ms, found 2 plugins.
Preloading 0 native plugins for Editor in 0.00 ms.
Mono: successfully reloaded assembly
- Completed reload, in  0.779 seconds
Platform modules already initialized, skipping
Refreshing native plugins compatible for Editor in 0.32 ms, found 2 plugins.
Preloading 0 native plugins for Editor in 0.00 ms.
Unloading 1383 Unused Serialized files (Serialized files now loaded: 0)
System memory in use before: 68.1 MB.
System memory in use after: 68.2 MB.

Unloading 14 unused Assets to reduce memory usage. Loaded Objects now: 1885.
Total: 1.974000 ms (FindLiveObjects: 0.184100 ms CreateObjectMapping: 0.034700 ms MarkObjects: 1.690900 ms  DeleteObjects: 0.063200 ms)

========================================================================
Received Import Request.
  Time since last request: 121.472678 seconds.
  path: Assets/Prefabs/Skull.prefab
  artifactKey: Guid(24e87d18a72cefb4dbeaf49b71f0fcc9) Importer(815301076,1909f56bfc062723c751e8b465ee728b)
Start importing Assets/Prefabs/Skull.prefab using Guid(24e87d18a72cefb4dbeaf49b71f0fcc9) Importer(815301076,1909f56bfc062723c751e8b465ee728b)  -> (artifact id: 'e925ba1b76cd5812824d2bdd9bfdd9b1') in 0.044565 seconds
  Import took 0.047179 seconds .

========================================================================
Received Import Request.
  Time since last request: 0.000201 seconds.
  path: Assets/Prefabs/Test_Beat.prefab
  artifactKey: Guid(dad4067a625895c499f8effd5ea05eda) Importer(815301076,1909f56bfc062723c751e8b465ee728b)
Start importing Assets/Prefabs/Test_Beat.prefab using Guid(dad4067a625895c499f8effd5ea05eda) Importer(815301076,1909f56bfc062723c751e8b465ee728b)  -> (artifact id: 'e044a552a8a19087295286ea23392c07') in 0.034505 seconds
  Import took 0.036480 seconds .

========================================================================
Received Import Request.
  Time since last request: 1.372869 seconds.
  path: Assets/Prefabs/Skull.prefab
  artifactKey: Guid(24e87d18a72cefb4dbeaf49b71f0fcc9) Importer(815301076,1909f56bfc062723c751e8b465ee728b)
Start importing Assets/Prefabs/Skull.prefab using Guid(24e87d18a72cefb4dbeaf49b71f0fcc9) Importer(815301076,1909f56bfc062723c751e8b465ee728b)  -> (artifact id: 'e925ba1b76cd5812824d2bdd9bfdd9b1') in 0.010924 seconds
  Import took 0.013342 seconds .

========================================================================
Received Prepare
Registering precompiled user dll's ...
Registered in 0.003661 seconds.
Begin MonoManager ReloadAssembly
Native extension for WindowsStandalone target not found
Native extension for WebGL target not found
Refreshing native plugins compatible for Editor in 0.35 ms, found 2 plugins.
Preloading 0 native plugins for Editor in 0.00 ms.
Mono: successfully reloaded assembly
- Completed reload, in  0.742 seconds
Platform modules already initialized, skipping
Refreshing native plugins compatible for Editor in 0.51 ms, found 2 plugins.
Preloading 0 native plugins for Editor in 0.00 ms.
Unloading 1383 Unused Serialized files (Serialized files now loaded: 0)
System memory in use before: 68.2 MB.
System memory in use after: 68.2 MB.

Unloading 15 unused Assets to reduce memory usage. Loaded Objects now: 1889.
Total: 1.882900 ms (FindLiveObjects: 0.212800 ms CreateObjectMapping: 0.034300 ms MarkObjects: 1.567500 ms  DeleteObjects: 0.066400 ms)

========================================================================
Received Import Request.
  Time since last request: 13.741864 seconds.
  path: Assets/Prefabs/Skull.prefab
  artifactKey: Guid(24e87d18a72cefb4dbeaf49b71f0fcc9) Importer(815301076,1909f56bfc062723c751e8b465ee728b)
Start importing Assets/Prefabs/Skull.prefab using Guid(24e87d18a72cefb4dbeaf49b71f0fcc9) Importer(815301076,1909f56bfc062723c751e8b465ee728b)  -> (artifact id: '8be72cb7ef9d0bf8eb9aa109917efaff') in 0.048814 seconds
  Import took 0.051196 seconds .

========================================================================
Received Import Request.
  Time since last request: 1.253584 seconds.
  path: Assets/Prefabs/Skull.prefab
  artifactKey: Guid(24e87d18a72cefb4dbeaf49b71f0fcc9) Importer(815301076,1909f56bfc062723c751e8b465ee728b)
Start importing Assets/Prefabs/Skull.prefab using Guid(24e87d18a72cefb4dbeaf49b71f0fcc9) Importer(815301076,1909f56bfc062723c751e8b465ee728b)  -> (artifact id: '8be72cb7ef9d0bf8eb9aa109917efaff') in 0.010325 seconds
  Import took 0.012806 seconds .

========================================================================
Received Prepare
Registering precompiled user dll's ...
Registered in 0.003595 seconds.
Begin MonoManager ReloadAssembly
Native extension for WindowsStandalone target not found
Native extension for WebGL target not found
Refreshing native plugins compatible for Editor in 0.35 ms, found 2 plugins.
Preloading 0 native plugins for Editor in 0.00 ms.
Mono: successfully reloaded assembly
- Completed reload, in  0.754 seconds
Platform modules already initialized, skipping
Refreshing native plugins compatible for Editor in 0.35 ms, found 2 plugins.
Preloading 0 native plugins for Editor in 0.00 ms.
Unloading 1383 Unused Serialized files (Serialized files now loaded: 0)
System memory in use before: 68.2 MB.
System memory in use after: 68.3 MB.

Unloading 14 unused Assets to reduce memory usage. Loaded Objects now: 1893.
Total: 1.800800 ms (FindLiveObjects: 0.166500 ms CreateObjectMapping: 0.031800 ms MarkObjects: 1.544500 ms  DeleteObjects: 0.057200 ms)

========================================================================
Received Import Request.
  Time since last request: 30.072517 seconds.
  path: Assets/Prefabs/Skull.prefab
  artifactKey: Guid(24e87d18a72cefb4dbeaf49b71f0fcc9) Importer(815301076,1909f56bfc062723c751e8b465ee728b)
Start importing Assets/Prefabs/Skull.prefab using Guid(24e87d18a72cefb4dbeaf49b71f0fcc9) Importer(815301076,1909f56bfc062723c751e8b465ee728b)  -> (artifact id: 'a564fd3ad6f67403b4e14954a754bf69') in 0.047165 seconds
  Import took 0.050009 seconds .

========================================================================
Received Prepare
Registering precompiled user dll's ...
Registered in 0.003495 seconds.
Begin MonoManager ReloadAssembly
Native extension for WindowsStandalone target not found
Native extension for WebGL target not found
Refreshing native plugins compatible for Editor in 0.35 ms, found 2 plugins.
Preloading 0 native plugins for Editor in 0.00 ms.
Mono: successfully reloaded assembly
- Completed reload, in  0.751 seconds
Platform modules already initialized, skipping
Refreshing native plugins compatible for Editor in 0.36 ms, found 2 plugins.
Preloading 0 native plugins for Editor in 0.00 ms.
Unloading 1383 Unused Serialized files (Serialized files now loaded: 0)
System memory in use before: 68.2 MB.
System memory in use after: 68.3 MB.

Unloading 14 unused Assets to reduce memory usage. Loaded Objects now: 1897.
Total: 1.979600 ms (FindLiveObjects: 0.191100 ms CreateObjectMapping: 0.032900 ms MarkObjects: 1.688000 ms  DeleteObjects: 0.066400 ms)

========================================================================
Received Import Request.
  Time since last request: 43.438479 seconds.
  path: Assets/Prefabs/Skull.prefab
  artifactKey: Guid(24e87d18a72cefb4dbeaf49b71f0fcc9) Importer(815301076,1909f56bfc062723c751e8b465ee728b)
Start importing Assets/Prefabs/Skull.prefab using Guid(24e87d18a72cefb4dbeaf49b71f0fcc9) Importer(815301076,1909f56bfc062723c751e8b465ee728b)  -> (artifact id: '408772a8456852d73eb4538f9e9312bd') in 0.045427 seconds
  Import took 0.047888 seconds .

========================================================================
Received Prepare
Registering precompiled user dll's ...
Registered in 0.003796 seconds.
Begin MonoManager ReloadAssembly
Native extension for WindowsStandalone target not found
Native extension for WebGL target not found
Refreshing native plugins compatible for Editor in 0.36 ms, found 2 plugins.
Preloading 0 native plugins for Editor in 0.00 ms.
Mono: successfully reloaded assembly
- Completed reload, in  0.744 seconds
Platform modules already initialized, skipping
Refreshing native plugins compatible for Editor in 0.33 ms, found 2 plugins.
Preloading 0 native plugins for Editor in 0.00 ms.
Unloading 1383 Unused Serialized files (Serialized files now loaded: 0)
System memory in use before: 68.2 MB.
System memory in use after: 68.3 MB.

Unloading 14 unused Assets to reduce memory usage. Loaded Objects now: 1901.
Total: 1.846800 ms (FindLiveObjects: 0.174900 ms CreateObjectMapping: 0.038100 ms MarkObjects: 1.585700 ms  DeleteObjects: 0.047200 ms)

========================================================================
Received Prepare
Registering precompiled user dll's ...
Registered in 0.003423 seconds.
Begin MonoManager ReloadAssembly
Native extension for WindowsStandalone target not found
Native extension for WebGL target not found
Refreshing native plugins compatible for Editor in 0.37 ms, found 2 plugins.
Preloading 0 native plugins for Editor in 0.00 ms.
Mono: successfully reloaded assembly
- Completed reload, in  0.805 seconds
Platform modules already initialized, skipping
Refreshing native plugins compatible for Editor in 0.36 ms, found 2 plugins.
Preloading 0 native plugins for Editor in 0.00 ms.
Unloading 1383 Unused Serialized files (Serialized files now loaded: 0)
System memory in use before: 68.2 MB.
System memory in use after: 68.3 MB.

Unloading 14 unused Assets to reduce memory usage. Loaded Objects now: 1904.
Total: 1.832700 ms (FindLiveObjects: 0.187200 ms CreateObjectMapping: 0.031600 ms MarkObjects: 1.530900 ms  DeleteObjects: 0.081800 ms)

========================================================================
Received Prepare
Registering precompiled user dll's ...
Registered in 0.003667 seconds.
Begin MonoManager ReloadAssembly
Native extension for WindowsStandalone target not found
Native extension for WebGL target not found
Refreshing native plugins compatible for Editor in 0.36 ms, found 2 plugins.
Preloading 0 native plugins for Editor in 0.00 ms.
Mono: successfully reloaded assembly
- Completed reload, in  0.772 seconds
Platform modules already initialized, skipping
Refreshing native plugins compatible for Editor in 0.36 ms, found 2 plugins.
Preloading 0 native plugins for Editor in 0.00 ms.
Unloading 1383 Unused Serialized files (Serialized files now loaded: 0)
System memory in use before: 68.2 MB.
System memory in use after: 68.3 MB.

Unloading 14 unused Assets to reduce memory usage. Loaded Objects now: 1907.
Total: 2.296200 ms (FindLiveObjects: 0.179000 ms CreateObjectMapping: 0.033200 ms MarkObjects: 2.027700 ms  DeleteObjects: 0.055200 ms)

========================================================================
Received Prepare
Registering precompiled user dll's ...
Registered in 0.003514 seconds.
Begin MonoManager ReloadAssembly
Native extension for WindowsStandalone target not found
Native extension for WebGL target not found
Refreshing native plugins compatible for Editor in 0.35 ms, found 2 plugins.
Preloading 0 native plugins for Editor in 0.00 ms.
Mono: successfully reloaded assembly
- Completed reload, in  0.799 seconds
Platform modules already initialized, skipping
Refreshing native plugins compatible for Editor in 0.37 ms, found 2 plugins.
Preloading 0 native plugins for Editor in 0.00 ms.
Unloading 1383 Unused Serialized files (Serialized files now loaded: 0)
System memory in use before: 68.2 MB.
System memory in use after: 68.3 MB.

Unloading 14 unused Assets to reduce memory usage. Loaded Objects now: 1910.
Total: 1.962000 ms (FindLiveObjects: 0.198400 ms CreateObjectMapping: 0.033500 ms MarkObjects: 1.667300 ms  DeleteObjects: 0.061800 ms)

========================================================================
Received Prepare
Registering precompiled user dll's ...
Registered in 0.003447 seconds.
Begin MonoManager ReloadAssembly
Native extension for WindowsStandalone target not found
Native extension for WebGL target not found
Refreshing native plugins compatible for Editor in 0.36 ms, found 2 plugins.
Preloading 0 native plugins for Editor in 0.00 ms.
Mono: successfully reloaded assembly
- Completed reload, in  0.765 seconds
Platform modules already initialized, skipping
Refreshing native plugins compatible for Editor in 0.35 ms, found 2 plugins.
Preloading 0 native plugins for Editor in 0.00 ms.
Unloading 1383 Unused Serialized files (Serialized files now loaded: 0)
System memory in use before: 68.2 MB.
System memory in use after: 68.3 MB.

Unloading 14 unused Assets to reduce memory usage. Loaded Objects now: 1913.
Total: 1.821000 ms (FindLiveObjects: 0.190200 ms CreateObjectMapping: 0.032000 ms MarkObjects: 1.544300 ms  DeleteObjects: 0.053600 ms)

========================================================================
Received Prepare
Registering precompiled user dll's ...
Registered in 0.003523 seconds.
Begin MonoManager ReloadAssembly
Native extension for WindowsStandalone target not found
Native extension for WebGL target not found
Refreshing native plugins compatible for Editor in 0.37 ms, found 2 plugins.
Preloading 0 native plugins for Editor in 0.00 ms.
Mono: successfully reloaded assembly
- Completed reload, in  0.778 seconds
Platform modules already initialized, skipping
Refreshing native plugins compatible for Editor in 0.37 ms, found 2 plugins.
Preloading 0 native plugins for Editor in 0.00 ms.
Unloading 1383 Unused Serialized files (Serialized files now loaded: 0)
System memory in use before: 68.2 MB.
System memory in use after: 68.3 MB.

Unloading 14 unused Assets to reduce memory usage. Loaded Objects now: 1916.
Total: 2.103500 ms (FindLiveObjects: 0.186400 ms CreateObjectMapping: 0.038600 ms MarkObjects: 1.816500 ms  DeleteObjects: 0.060700 ms)

========================================================================
Received Prepare
Registering precompiled user dll's ...
Registered in 0.003667 seconds.
Begin MonoManager ReloadAssembly
Native extension for WindowsStandalone target not found
Native extension for WebGL target not found
Refreshing native plugins compatible for Editor in 0.35 ms, found 2 plugins.
Preloading 0 native plugins for Editor in 0.00 ms.
Mono: successfully reloaded assembly
- Completed reload, in  0.746 seconds
Platform modules already initialized, skipping
Refreshing native plugins compatible for Editor in 0.43 ms, found 2 plugins.
Preloading 0 native plugins for Editor in 0.00 ms.
Unloading 1383 Unused Serialized files (Serialized files now loaded: 0)
System memory in use before: 68.2 MB.
System memory in use after: 68.3 MB.

Unloading 14 unused Assets to reduce memory usage. Loaded Objects now: 1919.
Total: 2.079600 ms (FindLiveObjects: 0.210600 ms CreateObjectMapping: 0.033600 ms MarkObjects: 1.755000 ms  DeleteObjects: 0.079100 ms)

========================================================================
Received Prepare
Registering precompiled user dll's ...
Registered in 0.003413 seconds.
Begin MonoManager ReloadAssembly
Native extension for WindowsStandalone target not found
Native extension for WebGL target not found
Refreshing native plugins compatible for Editor in 0.35 ms, found 2 plugins.
Preloading 0 native plugins for Editor in 0.00 ms.
Mono: successfully reloaded assembly
- Completed reload, in  0.758 seconds
Platform modules already initialized, skipping
Refreshing native plugins compatible for Editor in 0.36 ms, found 2 plugins.
Preloading 0 native plugins for Editor in 0.00 ms.
Unloading 1383 Unused Serialized files (Serialized files now loaded: 0)
System memory in use before: 68.2 MB.
System memory in use after: 68.3 MB.

Unloading 14 unused Assets to reduce memory usage. Loaded Objects now: 1922.
Total: 1.999900 ms (FindLiveObjects: 0.178400 ms CreateObjectMapping: 0.032200 ms MarkObjects: 1.725100 ms  DeleteObjects: 0.063000 ms)

========================================================================
Received Prepare
Registering precompiled user dll's ...
Registered in 0.003542 seconds.
Begin MonoManager ReloadAssembly
Native extension for WindowsStandalone target not found
Native extension for WebGL target not found
Refreshing native plugins compatible for Editor in 0.36 ms, found 2 plugins.
Preloading 0 native plugins for Editor in 0.00 ms.
Mono: successfully reloaded assembly
- Completed reload, in  0.792 seconds
Platform modules already initialized, skipping
Refreshing native plugins compatible for Editor in 0.35 ms, found 2 plugins.
Preloading 0 native plugins for Editor in 0.00 ms.
Unloading 1383 Unused Serialized files (Serialized files now loaded: 0)
System memory in use before: 68.3 MB.
System memory in use after: 68.3 MB.

Unloading 14 unused Assets to reduce memory usage. Loaded Objects now: 1925.
Total: 2.191700 ms (FindLiveObjects: 0.186500 ms CreateObjectMapping: 0.034000 ms MarkObjects: 1.905800 ms  DeleteObjects: 0.064200 ms)

========================================================================
Received Prepare
Registering precompiled user dll's ...
Registered in 0.003602 seconds.
Begin MonoManager ReloadAssembly
Native extension for WindowsStandalone target not found
Native extension for WebGL target not found
Refreshing native plugins compatible for Editor in 0.35 ms, found 2 plugins.
Preloading 0 native plugins for Editor in 0.00 ms.
Mono: successfully reloaded assembly
- Completed reload, in  0.759 seconds
Platform modules already initialized, skipping
Refreshing native plugins compatible for Editor in 0.36 ms, found 2 plugins.
Preloading 0 native plugins for Editor in 0.00 ms.
Unloading 1383 Unused Serialized files (Serialized files now loaded: 0)
System memory in use before: 68.2 MB.
System memory in use after: 68.3 MB.

Unloading 14 unused Assets to reduce memory usage. Loaded Objects now: 1928.
Total: 1.834700 ms (FindLiveObjects: 0.174700 ms CreateObjectMapping: 0.032800 ms MarkObjects: 1.569800 ms  DeleteObjects: 0.056200 ms)

========================================================================
Received Import Request.
  Time since last request: 584.976763 seconds.
  path: Assets/Prefabs/Skull.prefab
  artifactKey: Guid(24e87d18a72cefb4dbeaf49b71f0fcc9) Importer(815301076,1909f56bfc062723c751e8b465ee728b)
Start importing Assets/Prefabs/Skull.prefab using Guid(24e87d18a72cefb4dbeaf49b71f0fcc9) Importer(815301076,1909f56bfc062723c751e8b465ee728b)  -> (artifact id: '4f39ccd8765ce3adefa5ee12bbcf0143') in 0.046103 seconds
  Import took 0.048596 seconds .

========================================================================
Received Prepare
Registering precompiled user dll's ...
Registered in 0.003503 seconds.
Begin MonoManager ReloadAssembly
Native extension for WindowsStandalone target not found
Native extension for WebGL target not found
Refreshing native plugins compatible for Editor in 0.37 ms, found 2 plugins.
Preloading 0 native plugins for Editor in 0.00 ms.
Mono: successfully reloaded assembly
- Completed reload, in  0.746 seconds
Platform modules already initialized, skipping
Refreshing native plugins compatible for Editor in 0.37 ms, found 2 plugins.
Preloading 0 native plugins for Editor in 0.00 ms.
Unloading 1383 Unused Serialized files (Serialized files now loaded: 0)
System memory in use before: 68.2 MB.
System memory in use after: 68.3 MB.

Unloading 14 unused Assets to reduce memory usage. Loaded Objects now: 1932.
Total: 2.068500 ms (FindLiveObjects: 0.210100 ms CreateObjectMapping: 0.032200 ms MarkObjects: 1.747500 ms  DeleteObjects: 0.077600 ms)

========================================================================
Received Import Request.
  Time since last request: 191.117552 seconds.
  path: Assets/Prefabs/Stick.obj
  artifactKey: Guid(870cd74b1476b504e83c885b3d5219fb) Importer(815301076,1909f56bfc062723c751e8b465ee728b)
Start importing Assets/Prefabs/Stick.obj using Guid(870cd74b1476b504e83c885b3d5219fb) Importer(815301076,1909f56bfc062723c751e8b465ee728b)  -> (artifact id: '7e3ca6f097d473c42c9b0f1a9f1bd082') in 0.103822 seconds
  Import took 0.106566 seconds .

========================================================================
Received Import Request.
  Time since last request: 311.038891 seconds.
  path: Assets/Scripts
  artifactKey: Guid(5899d1d72354cf14b92c347935756aff) Importer(815301076,1909f56bfc062723c751e8b465ee728b)
Start importing Assets/Scripts using Guid(5899d1d72354cf14b92c347935756aff) Importer(815301076,1909f56bfc062723c751e8b465ee728b)  -> (artifact id: 'e193a9361f70a99a9218ef4669385eb0') in 0.015206 seconds
  Import took 0.017690 seconds .

========================================================================
Received Import Request.
  Time since last request: 12.253014 seconds.
  path: Assets/Scripts/Stick_Control.cs
  artifactKey: Guid(abf68aa8af829d44cbd4a076c10cfbad) Importer(815301076,1909f56bfc062723c751e8b465ee728b)
Start importing Assets/Scripts/Stick_Control.cs using Guid(abf68aa8af829d44cbd4a076c10cfbad) Importer(815301076,1909f56bfc062723c751e8b465ee728b)  -> (artifact id: '3fd98889509f031f321b90a35eb839a6') in 0.026444 seconds
  Import took 0.028881 seconds .

========================================================================
Received Prepare
Registering precompiled user dll's ...
Registered in 0.003936 seconds.
Begin MonoManager ReloadAssembly
Native extension for WindowsStandalone target not found
Native extension for WebGL target not found
Refreshing native plugins compatible for Editor in 0.37 ms, found 2 plugins.
Preloading 0 native plugins for Editor in 0.00 ms.
Mono: successfully reloaded assembly
- Completed reload, in  0.765 seconds
Platform modules already initialized, skipping
Refreshing native plugins compatible for Editor in 0.37 ms, found 2 plugins.
Preloading 0 native plugins for Editor in 0.00 ms.
Unloading 1384 Unused Serialized files (Serialized files now loaded: 0)
System memory in use before: 68.4 MB.
System memory in use after: 68.5 MB.

Unloading 14 unused Assets to reduce memory usage. Loaded Objects now: 1940.
Total: 2.071600 ms (FindLiveObjects: 0.212800 ms CreateObjectMapping: 0.032200 ms MarkObjects: 1.749100 ms  DeleteObjects: 0.076300 ms)

AssetImportWorkerClient::OnTransportError - code=2 error=End of file
